Determining if the pthread_create exist failed with the following output:
Change Dir: /home/judge_hpccourse/Angie/HPC/OpenCV/SOBEL/SobelParaleloConstante/build/CMakeFiles/CMakeTmp

Run Build Command:"/usr/bin/make" "cmTC_26abe/fast"
/usr/bin/make -f CMakeFiles/cmTC_26abe.dir/build.make CMakeFiles/cmTC_26abe.dir/build
make[1]: Entering directory `/home/judge_hpccourse/Angie/HPC/OpenCV/SOBEL/SobelParaleloConstante/build/CMakeFiles/CMakeTmp'
Building C object CMakeFiles/cmTC_26abe.dir/CheckSymbolExists.c.o
/usr/bin/cc   -fPIC    -o CMakeFiles/cmTC_26abe.dir/CheckSymbolExists.c.o   -c /home/judge_hpccourse/Angie/HPC/OpenCV/SOBEL/SobelParaleloConstante/build/CMakeFiles/CMakeTmp/CheckSymbolExists.c
Linking C executable cmTC_26abe
/usr/local/bin/cmake -E cmake_link_script CMakeFiles/cmTC_26abe.dir/link.txt --verbose=1
/usr/bin/cc  -fPIC     CMakeFiles/cmTC_26abe.dir/CheckSymbolExists.c.o  -o cmTC_26abe -rdynamic 
CMakeFiles/cmTC_26abe.dir/CheckSymbolExists.c.o: In function `main':
CheckSymbolExists.c:(.text+0x1b): undefined reference to `pthread_create'
collect2: error: ld returned 1 exit status
make[1]: *** [cmTC_26abe] Error 1
make[1]: Leaving directory `/home/judge_hpccourse/Angie/HPC/OpenCV/SOBEL/SobelParaleloConstante/build/CMakeFiles/CMakeTmp'
make: *** [cmTC_26abe/fast] Error 2

File /home/judge_hpccourse/Angie/HPC/OpenCV/SOBEL/SobelParaleloConstante/build/CMakeFiles/CMakeTmp/CheckSymbolExists.c:
/* */
#include <pthread.h>

int main(int argc, char** argv)
{
  (void)argv;
#ifndef pthread_create
  return ((int*)(&pthread_create))[argc];
#else
  (void)argc;
  return 0;
#endif
}

Determining if the function pthread_create exists in the pthreads failed with the following output:
Change Dir: /home/judge_hpccourse/Angie/HPC/OpenCV/SOBEL/SobelParaleloConstante/build/CMakeFiles/CMakeTmp

Run Build Command:"/usr/bin/make" "cmTC_b70de/fast"
/usr/bin/make -f CMakeFiles/cmTC_b70de.dir/build.make CMakeFiles/cmTC_b70de.dir/build
make[1]: Entering directory `/home/judge_hpccourse/Angie/HPC/OpenCV/SOBEL/SobelParaleloConstante/build/CMakeFiles/CMakeTmp'
Building C object CMakeFiles/cmTC_b70de.dir/CheckFunctionExists.c.o
/usr/bin/cc   -fPIC -DCHECK_FUNCTION_EXISTS=pthread_create   -o CMakeFiles/cmTC_b70de.dir/CheckFunctionExists.c.o   -c /usr/local/share/cmake-3.3/Modules/CheckFunctionExists.c
Linking C executable cmTC_b70de
/usr/local/bin/cmake -E cmake_link_script CMakeFiles/cmTC_b70de.dir/link.txt --verbose=1
/usr/bin/cc  -fPIC -DCHECK_FUNCTION_EXISTS=pthread_create    CMakeFiles/cmTC_b70de.dir/CheckFunctionExists.c.o  -o cmTC_b70de -rdynamic -lpthreads 
/usr/bin/ld: cannot find -lpthreads
collect2: error: ld returned 1 exit status
make[1]: *** [cmTC_b70de] Error 1
make[1]: Leaving directory `/home/judge_hpccourse/Angie/HPC/OpenCV/SOBEL/SobelParaleloConstante/build/CMakeFiles/CMakeTmp'
make: *** [cmTC_b70de/fast] Error 2


