Determining if the pthread_create exist failed with the following output:
Change Dir: /home/hera_hpccourse/Angie/HPC/OpenCV/SOBEL/SobelSecuencial/build/CMakeFiles/CMakeTmp

Run Build Command:"/usr/bin/make" "cmTC_63c93/fast"
/usr/bin/make -f CMakeFiles/cmTC_63c93.dir/build.make CMakeFiles/cmTC_63c93.dir/build
make[1]: Entering directory `/home/hera_hpccourse/Angie/HPC/OpenCV/SOBEL/SobelSecuencial/build/CMakeFiles/CMakeTmp'
Building C object CMakeFiles/cmTC_63c93.dir/CheckSymbolExists.c.o
/usr/bin/cc    -fPIC    -o CMakeFiles/cmTC_63c93.dir/CheckSymbolExists.c.o   -c /home/hera_hpccourse/Angie/HPC/OpenCV/SOBEL/SobelSecuencial/build/CMakeFiles/CMakeTmp/CheckSymbolExists.c
Linking C executable cmTC_63c93
/usr/local/bin/cmake -E cmake_link_script CMakeFiles/cmTC_63c93.dir/link.txt --verbose=1
/usr/bin/cc  -fPIC     CMakeFiles/cmTC_63c93.dir/CheckSymbolExists.c.o  -o cmTC_63c93 -rdynamic 
CMakeFiles/cmTC_63c93.dir/CheckSymbolExists.c.o: In function `main':
CheckSymbolExists.c:(.text+0x1b): undefined reference to `pthread_create'
collect2: error: ld returned 1 exit status
make[1]: *** [cmTC_63c93] Error 1
make[1]: Leaving directory `/home/hera_hpccourse/Angie/HPC/OpenCV/SOBEL/SobelSecuencial/build/CMakeFiles/CMakeTmp'
make: *** [cmTC_63c93/fast] Error 2

File /home/hera_hpccourse/Angie/HPC/OpenCV/SOBEL/SobelSecuencial/build/CMakeFiles/CMakeTmp/CheckSymbolExists.c:
/* */
#include <pthread.h>

int main(int argc, char** argv)
{
  (void)argv;
#ifndef pthread_create
  return ((int*)(&pthread_create))[argc];
#else
  (void)argc;
  return 0;
#endif
}

Determining if the function pthread_create exists in the pthreads failed with the following output:
Change Dir: /home/hera_hpccourse/Angie/HPC/OpenCV/SOBEL/SobelSecuencial/build/CMakeFiles/CMakeTmp

Run Build Command:"/usr/bin/make" "cmTC_d4333/fast"
/usr/bin/make -f CMakeFiles/cmTC_d4333.dir/build.make CMakeFiles/cmTC_d4333.dir/build
make[1]: Entering directory `/home/hera_hpccourse/Angie/HPC/OpenCV/SOBEL/SobelSecuencial/build/CMakeFiles/CMakeTmp'
Building C object CMakeFiles/cmTC_d4333.dir/CheckFunctionExists.c.o
/usr/bin/cc    -fPIC -DCHECK_FUNCTION_EXISTS=pthread_create   -o CMakeFiles/cmTC_d4333.dir/CheckFunctionExists.c.o   -c /usr/local/share/cmake-3.5/Modules/CheckFunctionExists.c
Linking C executable cmTC_d4333
/usr/local/bin/cmake -E cmake_link_script CMakeFiles/cmTC_d4333.dir/link.txt --verbose=1
/usr/bin/cc  -fPIC -DCHECK_FUNCTION_EXISTS=pthread_create    CMakeFiles/cmTC_d4333.dir/CheckFunctionExists.c.o  -o cmTC_d4333 -rdynamic -lpthreads 
/usr/bin/ld: cannot find -lpthreads
collect2: error: ld returned 1 exit status
make[1]: *** [cmTC_d4333] Error 1
make[1]: Leaving directory `/home/hera_hpccourse/Angie/HPC/OpenCV/SOBEL/SobelSecuencial/build/CMakeFiles/CMakeTmp'
make: *** [cmTC_d4333/fast] Error 2


